<?xml version="1.0" encoding="UTF-8"?>
<testsuite name="br.ce.wcaquino.suites.SuiteGeral" time="27.496" tests="10" errors="2" skipped="0" failures="0">
  <properties>
[...]
</properties>
  <testcase name="test1_InserirConta" classname="br.ce.wcaquino.tests.ContaTest" time="6.599"/>
  <testcase name="test2_AlterarConta" classname="br.ce.wcaquino.tests.ContaTest" time="2.665"/>
  <testcase name="test3_InserirContaMesmoNome" classname="br.ce.wcaquino.tests.ContaTest" time="1.917"/>
  <testcase name="Test3_InserirMovimentacaoFuturas" classname="br.ce.wcaquino.tests.MovimentacaoTest" time="4.362"/>
  <testcase name="test1_InserirMovimentacao" classname="br.ce.wcaquino.tests.MovimentacaoTest" time="4.439"/>
  <testcase name="test2_ValidacaoCamposObrigatorio" classname="br.ce.wcaquino.tests.MovimentacaoTest" time="1.032"/>
  <testcase name="testExcluirContaComMovimentacao" classname="br.ce.wcaquino.tests.RemoverMovimentacaoContaTest" time="2.618">
    <error message="Unable to locate element: //div[@class=&apos;alert alert-danger&apos;]&#10;For documentation on this error, please visit: http://seleniumhq.org/exceptions/no_such_element.html&#10;Build info: version: &apos;3.4.0&apos;, revision: &apos;unknown&apos;, time: &apos;unknown&apos;&#10;System info: host: &apos;DESKTOP-8NT229T&apos;, ip: &apos;10.0.0.11&apos;, os.name: &apos;Windows 11&apos;, os.arch: &apos;amd64&apos;, os.version: &apos;10.0&apos;, java.version: &apos;11.0.14&apos;&#10;Driver info: org.openqa.selenium.firefox.FirefoxDriver&#10;Capabilities [{moz:profile=C:\Users\thayna\AppData\Local\Temp\rust_mozprofileHPXiz3, moz:geckodriverVersion=0.30.0, timeouts={implicit=0.0, pageLoad=300000.0, script=30000.0}, pageLoadStrategy=normal, unhandledPromptBehavior=dismiss and notify, strictFileInteractability=false, moz:headless=false, platform=ANY, proxy=Proxy(), moz:accessibilityChecks=false, moz:useNonSpecCompliantPointerOrigin=false, acceptInsecureCerts=false, browserVersion=100.0.2, moz:shutdownTimeout=60000.0, platformVersion=10.0, moz:processID=2096.0, browserName=firefox, moz:buildID=20220519220738, javascriptEnabled=true, platformName=windows, setWindowRect=true, moz:webdriverClick=true}]&#10;Session ID: 4f4cd091-42c1-4a01-8236-98f3e0fcf737&#10;*** Element info: {Using=xpath, value=//div[@class=&apos;alert alert-danger&apos;]}" type="org.openqa.selenium.NoSuchElementException">org.openqa.selenium.NoSuchElementException: Unable to locate element: //div[@class='alert alert-danger']
For documentation on this error, please visit: http://seleniumhq.org/exceptions/no_such_element.html
Build info: version: '3.4.0', revision: 'unknown', time: 'unknown'
System info: host: 'DESKTOP-8NT229T', ip: '10.0.0.11', os.name: 'Windows 11', os.arch: 'amd64', os.version: '10.0', java.version: '11.0.14'
Driver info: org.openqa.selenium.firefox.FirefoxDriver
Capabilities [{moz:profile=C:\Users\thayna\AppData\Local\Temp\rust_mozprofileHPXiz3, moz:geckodriverVersion=0.30.0, timeouts={implicit=0.0, pageLoad=300000.0, script=30000.0}, pageLoadStrategy=normal, unhandledPromptBehavior=dismiss and notify, strictFileInteractability=false, moz:headless=false, platform=ANY, proxy=Proxy(), moz:accessibilityChecks=false, moz:useNonSpecCompliantPointerOrigin=false, acceptInsecureCerts=false, browserVersion=100.0.2, moz:shutdownTimeout=60000.0, platformVersion=10.0, moz:processID=2096.0, browserName=firefox, moz:buildID=20220519220738, javascriptEnabled=true, platformName=windows, setWindowRect=true, moz:webdriverClick=true}]
Session ID: 4f4cd091-42c1-4a01-8236-98f3e0fcf737
*** Element info: {Using=xpath, value=//div[@class='alert alert-danger']}
	at java.base/jdk.internal.reflect.NativeConstructorAccessorImpl.newInstance0(Native Method)
	at java.base/jdk.internal.reflect.NativeConstructorAccessorImpl.newInstance(NativeConstructorAccessorImpl.java:62)
	at java.base/jdk.internal.reflect.DelegatingConstructorAccessorImpl.newInstance(DelegatingConstructorAccessorImpl.java:45)
	at java.base/java.lang.reflect.Constructor.newInstance(Constructor.java:490)
	at org.openqa.selenium.remote.http.W3CHttpResponseCodec.createException(W3CHttpResponseCodec.java:150)
	at org.openqa.selenium.remote.http.W3CHttpResponseCodec.decode(W3CHttpResponseCodec.java:115)
	at org.openqa.selenium.remote.http.W3CHttpResponseCodec.decode(W3CHttpResponseCodec.java:45)
	at org.openqa.selenium.remote.HttpCommandExecutor.execute(HttpCommandExecutor.java:164)
	at org.openqa.selenium.remote.service.DriverCommandExecutor.execute(DriverCommandExecutor.java:82)
	at org.openqa.selenium.remote.RemoteWebDriver.execute(RemoteWebDriver.java:637)
	at org.openqa.selenium.remote.RemoteWebDriver.findElement(RemoteWebDriver.java:410)
	at org.openqa.selenium.remote.RemoteWebDriver.findElementByXPath(RemoteWebDriver.java:509)
	at org.openqa.selenium.By$ByXPath.findElement(By.java:361)
	at org.openqa.selenium.remote.RemoteWebDriver.findElement(RemoteWebDriver.java:402)
	at br.ce.wcaquino.core.BasePage.obterTexto(BasePage.java:134)
	at br.ce.wcaquino.pages.ContasPage.obterMensagemDeErroComMesmoNome(ContasPage.java:26)
	at br.ce.wcaquino.tests.RemoverMovimentacaoContaTest.testExcluirContaComMovimentacao(RemoverMovimentacaoContaTest.java:20)
</error>
    <system-err><![CDATA[console.warn: LoginRecipes: "JavaScript error: resource://gre/modules/LoginManagerParent.jsm, line 136: TypeError: gRecipeManager is null
getRecipes: falling back to a synchronous message for:" "https://seubarriga.wcaquino.me"
]]></system-err>
  </testcase>
  <testcase name="testSaldoConta" classname="br.ce.wcaquino.tests.SaldoTest" time="1.313"/>
  <testcase name="Test2_ResumoMensal" classname="br.ce.wcaquino.tests.ResumoTest" time="2.138"/>
  <testcase name="test1_ExcluirMovimentacao" classname="br.ce.wcaquino.tests.ResumoTest" time="0.413">
    <error message="Unable to locate element: //span[@class=&apos;glyphicon glyphicon-remove-circle&apos;]&#10;For documentation on this error, please visit: http://seleniumhq.org/exceptions/no_such_element.html&#10;Build info: version: &apos;3.4.0&apos;, revision: &apos;unknown&apos;, time: &apos;unknown&apos;&#10;System info: host: &apos;DESKTOP-8NT229T&apos;, ip: &apos;10.0.0.11&apos;, os.name: &apos;Windows 11&apos;, os.arch: &apos;amd64&apos;, os.version: &apos;10.0&apos;, java.version: &apos;11.0.14&apos;&#10;Driver info: org.openqa.selenium.firefox.FirefoxDriver&#10;Capabilities [{moz:profile=C:\Users\thayna\AppData\Local\Temp\rust_mozprofileHPXiz3, moz:geckodriverVersion=0.30.0, timeouts={implicit=0.0, pageLoad=300000.0, script=30000.0}, pageLoadStrategy=normal, unhandledPromptBehavior=dismiss and notify, strictFileInteractability=false, moz:headless=false, platform=ANY, proxy=Proxy(), moz:accessibilityChecks=false, moz:useNonSpecCompliantPointerOrigin=false, acceptInsecureCerts=false, browserVersion=100.0.2, moz:shutdownTimeout=60000.0, platformVersion=10.0, moz:processID=2096.0, browserName=firefox, moz:buildID=20220519220738, javascriptEnabled=true, platformName=windows, setWindowRect=true, moz:webdriverClick=true}]&#10;Session ID: 4f4cd091-42c1-4a01-8236-98f3e0fcf737&#10;*** Element info: {Using=xpath, value=//span[@class=&apos;glyphicon glyphicon-remove-circle&apos;]}" type="org.openqa.selenium.NoSuchElementException">org.openqa.selenium.NoSuchElementException: Unable to locate element: //span[@class='glyphicon glyphicon-remove-circle']
For documentation on this error, please visit: http://seleniumhq.org/exceptions/no_such_element.html
Build info: version: '3.4.0', revision: 'unknown', time: 'unknown'
System info: host: 'DESKTOP-8NT229T', ip: '10.0.0.11', os.name: 'Windows 11', os.arch: 'amd64', os.version: '10.0', java.version: '11.0.14'
Driver info: org.openqa.selenium.firefox.FirefoxDriver
Capabilities [{moz:profile=C:\Users\thayna\AppData\Local\Temp\rust_mozprofileHPXiz3, moz:geckodriverVersion=0.30.0, timeouts={implicit=0.0, pageLoad=300000.0, script=30000.0}, pageLoadStrategy=normal, unhandledPromptBehavior=dismiss and notify, strictFileInteractability=false, moz:headless=false, platform=ANY, proxy=Proxy(), moz:accessibilityChecks=false, moz:useNonSpecCompliantPointerOrigin=false, acceptInsecureCerts=false, browserVersion=100.0.2, moz:shutdownTimeout=60000.0, platformVersion=10.0, moz:processID=2096.0, browserName=firefox, moz:buildID=20220519220738, javascriptEnabled=true, platformName=windows, setWindowRect=true, moz:webdriverClick=true}]
Session ID: 4f4cd091-42c1-4a01-8236-98f3e0fcf737
*** Element info: {Using=xpath, value=//span[@class='glyphicon glyphicon-remove-circle']}
	at java.base/jdk.internal.reflect.NativeConstructorAccessorImpl.newInstance0(Native Method)
	at java.base/jdk.internal.reflect.NativeConstructorAccessorImpl.newInstance(NativeConstructorAccessorImpl.java:62)
	at java.base/jdk.internal.reflect.DelegatingConstructorAccessorImpl.newInstance(DelegatingConstructorAccessorImpl.java:45)
	at java.base/java.lang.reflect.Constructor.newInstance(Constructor.java:490)
	at org.openqa.selenium.remote.http.W3CHttpResponseCodec.createException(W3CHttpResponseCodec.java:150)
	at org.openqa.selenium.remote.http.W3CHttpResponseCodec.decode(W3CHttpResponseCodec.java:115)
	at org.openqa.selenium.remote.http.W3CHttpResponseCodec.decode(W3CHttpResponseCodec.java:45)
	at org.openqa.selenium.remote.HttpCommandExecutor.execute(HttpCommandExecutor.java:164)
	at org.openqa.selenium.remote.service.DriverCommandExecutor.execute(DriverCommandExecutor.java:82)
	at org.openqa.selenium.remote.RemoteWebDriver.execute(RemoteWebDriver.java:637)
	at org.openqa.selenium.remote.RemoteWebDriver.findElement(RemoteWebDriver.java:410)
	at org.openqa.selenium.remote.RemoteWebDriver.findElementByXPath(RemoteWebDriver.java:509)
	at org.openqa.selenium.By$ByXPath.findElement(By.java:361)
	at org.openqa.selenium.remote.RemoteWebDriver.findElement(RemoteWebDriver.java:402)
	at br.ce.wcaquino.core.BasePage.clicarBotao(BasePage.java:111)
	at br.ce.wcaquino.pages.ResumoPage.excluirMovimentacao(ResumoPage.java:10)
	at br.ce.wcaquino.tests.ResumoTest.test1_ExcluirMovimentacao(ResumoTest.java:29)
</error>
  </testcase>
</testsuite>